[2022-12-02 07:10:07,661] {processor.py:163} INFO - Started process (PID=38) to work on /opt/airflow/dags/data_ingestion_gcs_dag.py
[2022-12-02 07:10:07,663] {processor.py:642} INFO - Processing file /opt/airflow/dags/data_ingestion_gcs_dag.py for tasks to queue
[2022-12-02 07:10:07,664] {logging_mixin.py:109} INFO - [2022-12-02 07:10:07,664] {dagbag.py:500} INFO - Filling up the DagBag from /opt/airflow/dags/data_ingestion_gcs_dag.py
[2022-12-02 07:10:09,723] {processor.py:654} INFO - DAG(s) dict_keys(['data_ingestion_gcs_dag']) retrieved from /opt/airflow/dags/data_ingestion_gcs_dag.py
[2022-12-02 07:10:13,036] {logging_mixin.py:109} INFO - [2022-12-02 07:10:13,036] {manager.py:496} INFO - Created Permission View: can edit on DAG:data_ingestion_gcs_dag
[2022-12-02 07:10:13,050] {logging_mixin.py:109} INFO - [2022-12-02 07:10:13,050] {manager.py:496} INFO - Created Permission View: can read on DAG:data_ingestion_gcs_dag
[2022-12-02 07:10:13,051] {logging_mixin.py:109} INFO - [2022-12-02 07:10:13,051] {dag.py:2396} INFO - Sync 1 DAGs
[2022-12-02 07:10:13,063] {logging_mixin.py:109} INFO - [2022-12-02 07:10:13,063] {dag.py:2415} INFO - Creating ORM DAG for data_ingestion_gcs_dag
[2022-12-02 07:10:13,078] {logging_mixin.py:109} INFO - [2022-12-02 07:10:13,078] {dag.py:2935} INFO - Setting next_dagrun for data_ingestion_gcs_dag to 2022-12-01 00:00:00+00:00
[2022-12-02 07:10:13,106] {processor.py:171} INFO - Processing /opt/airflow/dags/data_ingestion_gcs_dag.py took 5.449 seconds
[2022-12-02 07:10:43,290] {processor.py:163} INFO - Started process (PID=75) to work on /opt/airflow/dags/data_ingestion_gcs_dag.py
[2022-12-02 07:10:43,292] {processor.py:642} INFO - Processing file /opt/airflow/dags/data_ingestion_gcs_dag.py for tasks to queue
[2022-12-02 07:10:43,294] {logging_mixin.py:109} INFO - [2022-12-02 07:10:43,294] {dagbag.py:500} INFO - Filling up the DagBag from /opt/airflow/dags/data_ingestion_gcs_dag.py
[2022-12-02 07:10:44,424] {processor.py:654} INFO - DAG(s) dict_keys(['data_ingestion_gcs_dag']) retrieved from /opt/airflow/dags/data_ingestion_gcs_dag.py
[2022-12-02 07:10:44,437] {logging_mixin.py:109} INFO - [2022-12-02 07:10:44,437] {dag.py:2396} INFO - Sync 1 DAGs
[2022-12-02 07:10:44,456] {logging_mixin.py:109} INFO - [2022-12-02 07:10:44,456] {dag.py:2935} INFO - Setting next_dagrun for data_ingestion_gcs_dag to 2022-12-01 00:00:00+00:00
[2022-12-02 07:10:44,474] {processor.py:171} INFO - Processing /opt/airflow/dags/data_ingestion_gcs_dag.py took 1.187 seconds
[2022-12-02 07:11:14,734] {processor.py:163} INFO - Started process (PID=102) to work on /opt/airflow/dags/data_ingestion_gcs_dag.py
[2022-12-02 07:11:14,741] {processor.py:642} INFO - Processing file /opt/airflow/dags/data_ingestion_gcs_dag.py for tasks to queue
[2022-12-02 07:11:14,743] {logging_mixin.py:109} INFO - [2022-12-02 07:11:14,742] {dagbag.py:500} INFO - Filling up the DagBag from /opt/airflow/dags/data_ingestion_gcs_dag.py
[2022-12-02 07:11:19,559] {processor.py:654} INFO - DAG(s) dict_keys(['data_ingestion_gcs_dag']) retrieved from /opt/airflow/dags/data_ingestion_gcs_dag.py
[2022-12-02 07:11:19,656] {logging_mixin.py:109} INFO - [2022-12-02 07:11:19,655] {dag.py:2396} INFO - Sync 1 DAGs
[2022-12-02 07:11:19,848] {logging_mixin.py:109} INFO - [2022-12-02 07:11:19,846] {dag.py:2935} INFO - Setting next_dagrun for data_ingestion_gcs_dag to 2022-12-01 00:00:00+00:00
[2022-12-02 07:11:19,969] {processor.py:171} INFO - Processing /opt/airflow/dags/data_ingestion_gcs_dag.py took 5.240 seconds
[2022-12-02 07:11:50,149] {processor.py:163} INFO - Started process (PID=137) to work on /opt/airflow/dags/data_ingestion_gcs_dag.py
[2022-12-02 07:11:50,151] {processor.py:642} INFO - Processing file /opt/airflow/dags/data_ingestion_gcs_dag.py for tasks to queue
[2022-12-02 07:11:50,153] {logging_mixin.py:109} INFO - [2022-12-02 07:11:50,153] {dagbag.py:500} INFO - Filling up the DagBag from /opt/airflow/dags/data_ingestion_gcs_dag.py
[2022-12-02 07:11:51,289] {processor.py:654} INFO - DAG(s) dict_keys(['data_ingestion_gcs_dag']) retrieved from /opt/airflow/dags/data_ingestion_gcs_dag.py
[2022-12-02 07:11:51,304] {logging_mixin.py:109} INFO - [2022-12-02 07:11:51,303] {dag.py:2396} INFO - Sync 1 DAGs
[2022-12-02 07:11:51,332] {logging_mixin.py:109} INFO - [2022-12-02 07:11:51,332] {dag.py:2935} INFO - Setting next_dagrun for data_ingestion_gcs_dag to 2022-12-01 00:00:00+00:00
[2022-12-02 07:11:51,356] {processor.py:171} INFO - Processing /opt/airflow/dags/data_ingestion_gcs_dag.py took 1.212 seconds
[2022-12-02 07:12:21,465] {processor.py:163} INFO - Started process (PID=165) to work on /opt/airflow/dags/data_ingestion_gcs_dag.py
[2022-12-02 07:12:21,468] {processor.py:642} INFO - Processing file /opt/airflow/dags/data_ingestion_gcs_dag.py for tasks to queue
[2022-12-02 07:12:21,469] {logging_mixin.py:109} INFO - [2022-12-02 07:12:21,469] {dagbag.py:500} INFO - Filling up the DagBag from /opt/airflow/dags/data_ingestion_gcs_dag.py
[2022-12-02 07:12:22,529] {processor.py:654} INFO - DAG(s) dict_keys(['data_ingestion_gcs_dag']) retrieved from /opt/airflow/dags/data_ingestion_gcs_dag.py
[2022-12-02 07:12:22,543] {logging_mixin.py:109} INFO - [2022-12-02 07:12:22,542] {dag.py:2396} INFO - Sync 1 DAGs
[2022-12-02 07:12:22,575] {logging_mixin.py:109} INFO - [2022-12-02 07:12:22,574] {dag.py:2935} INFO - Setting next_dagrun for data_ingestion_gcs_dag to 2022-12-01 00:00:00+00:00
[2022-12-02 07:12:22,591] {processor.py:171} INFO - Processing /opt/airflow/dags/data_ingestion_gcs_dag.py took 1.130 seconds
